ERROR - 2022-08-17 12:51:19 --> mysqli_sql_exception: Unknown column 'nomePratos' in 'field list' in C:\wamp64\www\apiChurrascaria\system\Database\MySQLi\Connection.php:292
Stack trace:
#0 C:\wamp64\www\apiChurrascaria\system\Database\MySQLi\Connection.php(292): mysqli->query('INSERT INTO `pr...', 0)
#1 C:\wamp64\www\apiChurrascaria\system\Database\BaseConnection.php(693): CodeIgniter\Database\MySQLi\Connection->execute('INSERT INTO `pr...')
#2 C:\wamp64\www\apiChurrascaria\system\Database\BaseConnection.php(620): CodeIgniter\Database\BaseConnection->simpleQuery('INSERT INTO `pr...')
#3 C:\wamp64\www\apiChurrascaria\system\Database\BaseBuilder.php(1916): CodeIgniter\Database\BaseConnection->query('INSERT INTO `pr...', Array, false)
#4 C:\wamp64\www\apiChurrascaria\app\Database\Seeds\Pratos.php(27): CodeIgniter\Database\BaseBuilder->insert(Array)
#5 C:\wamp64\www\apiChurrascaria\system\Database\Seeder.php(145): App\Database\Seeds\Pratos->run()
#6 C:\wamp64\www\apiChurrascaria\system\Commands\Database\Seed.php(77): CodeIgniter\Database\Seeder->call('App\\Database\\Se...')
#7 C:\wamp64\www\apiChurrascaria\system\CLI\Commands.php(63): CodeIgniter\Commands\Database\Seed->run(Array)
#8 C:\wamp64\www\apiChurrascaria\system\CLI\CommandRunner.php(65): CodeIgniter\CLI\Commands->run('db:seed', Array)
#9 C:\wamp64\www\apiChurrascaria\system\CLI\CommandRunner.php(51): CodeIgniter\CLI\CommandRunner->index(Array)
#10 C:\wamp64\www\apiChurrascaria\system\CodeIgniter.php(891): CodeIgniter\CLI\CommandRunner->_remap('index', Array)
#11 C:\wamp64\www\apiChurrascaria\system\CodeIgniter.php(457): CodeIgniter\CodeIgniter->runController(Object(CodeIgniter\CLI\CommandRunner))
#12 C:\wamp64\www\apiChurrascaria\system\CodeIgniter.php(336): CodeIgniter\CodeIgniter->handleRequest(NULL, Object(Config\Cache), false)
#13 C:\wamp64\www\apiChurrascaria\system\CLI\Console.php(48): CodeIgniter\CodeIgniter->run()
#14 C:\wamp64\www\apiChurrascaria\spark(98): CodeIgniter\CLI\Console->run()
#15 {main}
ERROR - 2022-08-17 12:51:19 --> mysqli_sql_exception: Unknown column 'nomePratos' in 'field list' in C:\wamp64\www\apiChurrascaria\system\Database\MySQLi\Connection.php:292
Stack trace:
#0 C:\wamp64\www\apiChurrascaria\system\Database\MySQLi\Connection.php(292): mysqli->query('INSERT INTO `pr...', 0)
#1 C:\wamp64\www\apiChurrascaria\system\Database\BaseConnection.php(693): CodeIgniter\Database\MySQLi\Connection->execute('INSERT INTO `pr...')
#2 C:\wamp64\www\apiChurrascaria\system\Database\BaseConnection.php(620): CodeIgniter\Database\BaseConnection->simpleQuery('INSERT INTO `pr...')
#3 C:\wamp64\www\apiChurrascaria\system\Database\BaseBuilder.php(1916): CodeIgniter\Database\BaseConnection->query('INSERT INTO `pr...', Array, false)
#4 C:\wamp64\www\apiChurrascaria\app\Database\Seeds\Pratos.php(27): CodeIgniter\Database\BaseBuilder->insert(Array)
#5 C:\wamp64\www\apiChurrascaria\system\Database\Seeder.php(145): App\Database\Seeds\Pratos->run()
#6 C:\wamp64\www\apiChurrascaria\system\Commands\Database\Seed.php(77): CodeIgniter\Database\Seeder->call('App\\Database\\Se...')
#7 C:\wamp64\www\apiChurrascaria\system\CLI\Commands.php(63): CodeIgniter\Commands\Database\Seed->run(Array)
#8 C:\wamp64\www\apiChurrascaria\system\CLI\CommandRunner.php(65): CodeIgniter\CLI\Commands->run('db:seed', Array)
#9 C:\wamp64\www\apiChurrascaria\system\CLI\CommandRunner.php(51): CodeIgniter\CLI\CommandRunner->index(Array)
#10 C:\wamp64\www\apiChurrascaria\system\CodeIgniter.php(891): CodeIgniter\CLI\CommandRunner->_remap('index', Array)
#11 C:\wamp64\www\apiChurrascaria\system\CodeIgniter.php(457): CodeIgniter\CodeIgniter->runController(Object(CodeIgniter\CLI\CommandRunner))
#12 C:\wamp64\www\apiChurrascaria\system\CodeIgniter.php(336): CodeIgniter\CodeIgniter->handleRequest(NULL, Object(Config\Cache), false)
#13 C:\wamp64\www\apiChurrascaria\system\CLI\Console.php(48): CodeIgniter\CodeIgniter->run()
#14 C:\wamp64\www\apiChurrascaria\spark(98): CodeIgniter\CLI\Console->run()
#15 {main}
ERROR - 2022-08-17 12:51:19 --> mysqli_sql_exception: Unknown column 'nomePratos' in 'field list' in C:\wamp64\www\apiChurrascaria\system\Database\MySQLi\Connection.php:292
Stack trace:
#0 C:\wamp64\www\apiChurrascaria\system\Database\MySQLi\Connection.php(292): mysqli->query('INSERT INTO `pr...', 0)
#1 C:\wamp64\www\apiChurrascaria\system\Database\BaseConnection.php(693): CodeIgniter\Database\MySQLi\Connection->execute('INSERT INTO `pr...')
#2 C:\wamp64\www\apiChurrascaria\system\Database\BaseConnection.php(620): CodeIgniter\Database\BaseConnection->simpleQuery('INSERT INTO `pr...')
#3 C:\wamp64\www\apiChurrascaria\system\Database\BaseBuilder.php(1916): CodeIgniter\Database\BaseConnection->query('INSERT INTO `pr...', Array, false)
#4 C:\wamp64\www\apiChurrascaria\app\Database\Seeds\Pratos.php(27): CodeIgniter\Database\BaseBuilder->insert(Array)
#5 C:\wamp64\www\apiChurrascaria\system\Database\Seeder.php(145): App\Database\Seeds\Pratos->run()
#6 C:\wamp64\www\apiChurrascaria\system\Commands\Database\Seed.php(77): CodeIgniter\Database\Seeder->call('App\\Database\\Se...')
#7 C:\wamp64\www\apiChurrascaria\system\CLI\Commands.php(63): CodeIgniter\Commands\Database\Seed->run(Array)
#8 C:\wamp64\www\apiChurrascaria\system\CLI\CommandRunner.php(65): CodeIgniter\CLI\Commands->run('db:seed', Array)
#9 C:\wamp64\www\apiChurrascaria\system\CLI\CommandRunner.php(51): CodeIgniter\CLI\CommandRunner->index(Array)
#10 C:\wamp64\www\apiChurrascaria\system\CodeIgniter.php(891): CodeIgniter\CLI\CommandRunner->_remap('index', Array)
#11 C:\wamp64\www\apiChurrascaria\system\CodeIgniter.php(457): CodeIgniter\CodeIgniter->runController(Object(CodeIgniter\CLI\CommandRunner))
#12 C:\wamp64\www\apiChurrascaria\system\CodeIgniter.php(336): CodeIgniter\CodeIgniter->handleRequest(NULL, Object(Config\Cache), false)
#13 C:\wamp64\www\apiChurrascaria\system\CLI\Console.php(48): CodeIgniter\CodeIgniter->run()
#14 C:\wamp64\www\apiChurrascaria\spark(98): CodeIgniter\CLI\Console->run()
#15 {main}
ERROR - 2022-08-17 12:51:19 --> mysqli_sql_exception: Unknown column 'nomePratos' in 'field list' in C:\wamp64\www\apiChurrascaria\system\Database\MySQLi\Connection.php:292
Stack trace:
#0 C:\wamp64\www\apiChurrascaria\system\Database\MySQLi\Connection.php(292): mysqli->query('INSERT INTO `pr...', 0)
#1 C:\wamp64\www\apiChurrascaria\system\Database\BaseConnection.php(693): CodeIgniter\Database\MySQLi\Connection->execute('INSERT INTO `pr...')
#2 C:\wamp64\www\apiChurrascaria\system\Database\BaseConnection.php(620): CodeIgniter\Database\BaseConnection->simpleQuery('INSERT INTO `pr...')
#3 C:\wamp64\www\apiChurrascaria\system\Database\BaseBuilder.php(1916): CodeIgniter\Database\BaseConnection->query('INSERT INTO `pr...', Array, false)
#4 C:\wamp64\www\apiChurrascaria\app\Database\Seeds\Pratos.php(27): CodeIgniter\Database\BaseBuilder->insert(Array)
#5 C:\wamp64\www\apiChurrascaria\system\Database\Seeder.php(145): App\Database\Seeds\Pratos->run()
#6 C:\wamp64\www\apiChurrascaria\system\Commands\Database\Seed.php(77): CodeIgniter\Database\Seeder->call('App\\Database\\Se...')
#7 C:\wamp64\www\apiChurrascaria\system\CLI\Commands.php(63): CodeIgniter\Commands\Database\Seed->run(Array)
#8 C:\wamp64\www\apiChurrascaria\system\CLI\CommandRunner.php(65): CodeIgniter\CLI\Commands->run('db:seed', Array)
#9 C:\wamp64\www\apiChurrascaria\system\CLI\CommandRunner.php(51): CodeIgniter\CLI\CommandRunner->index(Array)
#10 C:\wamp64\www\apiChurrascaria\system\CodeIgniter.php(891): CodeIgniter\CLI\CommandRunner->_remap('index', Array)
#11 C:\wamp64\www\apiChurrascaria\system\CodeIgniter.php(457): CodeIgniter\CodeIgniter->runController(Object(CodeIgniter\CLI\CommandRunner))
#12 C:\wamp64\www\apiChurrascaria\system\CodeIgniter.php(336): CodeIgniter\CodeIgniter->handleRequest(NULL, Object(Config\Cache), false)
#13 C:\wamp64\www\apiChurrascaria\system\CLI\Console.php(48): CodeIgniter\CodeIgniter->run()
#14 C:\wamp64\www\apiChurrascaria\spark(98): CodeIgniter\CLI\Console->run()
#15 {main}
ERROR - 2022-08-17 12:51:19 --> mysqli_sql_exception: Unknown column 'nomePratos' in 'field list' in C:\wamp64\www\apiChurrascaria\system\Database\MySQLi\Connection.php:292
Stack trace:
#0 C:\wamp64\www\apiChurrascaria\system\Database\MySQLi\Connection.php(292): mysqli->query('INSERT INTO `pr...', 0)
#1 C:\wamp64\www\apiChurrascaria\system\Database\BaseConnection.php(693): CodeIgniter\Database\MySQLi\Connection->execute('INSERT INTO `pr...')
#2 C:\wamp64\www\apiChurrascaria\system\Database\BaseConnection.php(620): CodeIgniter\Database\BaseConnection->simpleQuery('INSERT INTO `pr...')
#3 C:\wamp64\www\apiChurrascaria\system\Database\BaseBuilder.php(1916): CodeIgniter\Database\BaseConnection->query('INSERT INTO `pr...', Array, false)
#4 C:\wamp64\www\apiChurrascaria\app\Database\Seeds\Pratos.php(27): CodeIgniter\Database\BaseBuilder->insert(Array)
#5 C:\wamp64\www\apiChurrascaria\system\Database\Seeder.php(145): App\Database\Seeds\Pratos->run()
#6 C:\wamp64\www\apiChurrascaria\system\Commands\Database\Seed.php(77): CodeIgniter\Database\Seeder->call('App\\Database\\Se...')
#7 C:\wamp64\www\apiChurrascaria\system\CLI\Commands.php(63): CodeIgniter\Commands\Database\Seed->run(Array)
#8 C:\wamp64\www\apiChurrascaria\system\CLI\CommandRunner.php(65): CodeIgniter\CLI\Commands->run('db:seed', Array)
#9 C:\wamp64\www\apiChurrascaria\system\CLI\CommandRunner.php(51): CodeIgniter\CLI\CommandRunner->index(Array)
#10 C:\wamp64\www\apiChurrascaria\system\CodeIgniter.php(891): CodeIgniter\CLI\CommandRunner->_remap('index', Array)
#11 C:\wamp64\www\apiChurrascaria\system\CodeIgniter.php(457): CodeIgniter\CodeIgniter->runController(Object(CodeIgniter\CLI\CommandRunner))
#12 C:\wamp64\www\apiChurrascaria\system\CodeIgniter.php(336): CodeIgniter\CodeIgniter->handleRequest(NULL, Object(Config\Cache), false)
#13 C:\wamp64\www\apiChurrascaria\system\CLI\Console.php(48): CodeIgniter\CodeIgniter->run()
#14 C:\wamp64\www\apiChurrascaria\spark(98): CodeIgniter\CLI\Console->run()
#15 {main}
ERROR - 2022-08-17 12:51:19 --> mysqli_sql_exception: Unknown column 'nomePratos' in 'field list' in C:\wamp64\www\apiChurrascaria\system\Database\MySQLi\Connection.php:292
Stack trace:
#0 C:\wamp64\www\apiChurrascaria\system\Database\MySQLi\Connection.php(292): mysqli->query('INSERT INTO `pr...', 0)
#1 C:\wamp64\www\apiChurrascaria\system\Database\BaseConnection.php(693): CodeIgniter\Database\MySQLi\Connection->execute('INSERT INTO `pr...')
#2 C:\wamp64\www\apiChurrascaria\system\Database\BaseConnection.php(620): CodeIgniter\Database\BaseConnection->simpleQuery('INSERT INTO `pr...')
#3 C:\wamp64\www\apiChurrascaria\system\Database\BaseBuilder.php(1916): CodeIgniter\Database\BaseConnection->query('INSERT INTO `pr...', Array, false)
#4 C:\wamp64\www\apiChurrascaria\app\Database\Seeds\Pratos.php(27): CodeIgniter\Database\BaseBuilder->insert(Array)
#5 C:\wamp64\www\apiChurrascaria\system\Database\Seeder.php(145): App\Database\Seeds\Pratos->run()
#6 C:\wamp64\www\apiChurrascaria\system\Commands\Database\Seed.php(77): CodeIgniter\Database\Seeder->call('App\\Database\\Se...')
#7 C:\wamp64\www\apiChurrascaria\system\CLI\Commands.php(63): CodeIgniter\Commands\Database\Seed->run(Array)
#8 C:\wamp64\www\apiChurrascaria\system\CLI\CommandRunner.php(65): CodeIgniter\CLI\Commands->run('db:seed', Array)
#9 C:\wamp64\www\apiChurrascaria\system\CLI\CommandRunner.php(51): CodeIgniter\CLI\CommandRunner->index(Array)
#10 C:\wamp64\www\apiChurrascaria\system\CodeIgniter.php(891): CodeIgniter\CLI\CommandRunner->_remap('index', Array)
#11 C:\wamp64\www\apiChurrascaria\system\CodeIgniter.php(457): CodeIgniter\CodeIgniter->runController(Object(CodeIgniter\CLI\CommandRunner))
#12 C:\wamp64\www\apiChurrascaria\system\CodeIgniter.php(336): CodeIgniter\CodeIgniter->handleRequest(NULL, Object(Config\Cache), false)
#13 C:\wamp64\www\apiChurrascaria\system\CLI\Console.php(48): CodeIgniter\CodeIgniter->run()
#14 C:\wamp64\www\apiChurrascaria\spark(98): CodeIgniter\CLI\Console->run()
#15 {main}
ERROR - 2022-08-17 12:53:11 --> mysqli_sql_exception: Unknown column 'nomePratos' in 'field list' in C:\wamp64\www\apiChurrascaria\system\Database\MySQLi\Connection.php:292
Stack trace:
#0 C:\wamp64\www\apiChurrascaria\system\Database\MySQLi\Connection.php(292): mysqli->query('INSERT INTO `pr...', 0)
#1 C:\wamp64\www\apiChurrascaria\system\Database\BaseConnection.php(693): CodeIgniter\Database\MySQLi\Connection->execute('INSERT INTO `pr...')
#2 C:\wamp64\www\apiChurrascaria\system\Database\BaseConnection.php(620): CodeIgniter\Database\BaseConnection->simpleQuery('INSERT INTO `pr...')
#3 C:\wamp64\www\apiChurrascaria\system\Database\BaseBuilder.php(1916): CodeIgniter\Database\BaseConnection->query('INSERT INTO `pr...', Array, false)
#4 C:\wamp64\www\apiChurrascaria\app\Database\Seeds\Pratos.php(27): CodeIgniter\Database\BaseBuilder->insert(Array)
#5 C:\wamp64\www\apiChurrascaria\system\Database\Seeder.php(145): App\Database\Seeds\Pratos->run()
#6 C:\wamp64\www\apiChurrascaria\system\Commands\Database\Seed.php(77): CodeIgniter\Database\Seeder->call('App\\Database\\Se...')
#7 C:\wamp64\www\apiChurrascaria\system\CLI\Commands.php(63): CodeIgniter\Commands\Database\Seed->run(Array)
#8 C:\wamp64\www\apiChurrascaria\system\CLI\CommandRunner.php(65): CodeIgniter\CLI\Commands->run('db:seed', Array)
#9 C:\wamp64\www\apiChurrascaria\system\CLI\CommandRunner.php(51): CodeIgniter\CLI\CommandRunner->index(Array)
#10 C:\wamp64\www\apiChurrascaria\system\CodeIgniter.php(891): CodeIgniter\CLI\CommandRunner->_remap('index', Array)
#11 C:\wamp64\www\apiChurrascaria\system\CodeIgniter.php(457): CodeIgniter\CodeIgniter->runController(Object(CodeIgniter\CLI\CommandRunner))
#12 C:\wamp64\www\apiChurrascaria\system\CodeIgniter.php(336): CodeIgniter\CodeIgniter->handleRequest(NULL, Object(Config\Cache), false)
#13 C:\wamp64\www\apiChurrascaria\system\CLI\Console.php(48): CodeIgniter\CodeIgniter->run()
#14 C:\wamp64\www\apiChurrascaria\spark(98): CodeIgniter\CLI\Console->run()
#15 {main}
ERROR - 2022-08-17 12:53:11 --> mysqli_sql_exception: Unknown column 'nomePratos' in 'field list' in C:\wamp64\www\apiChurrascaria\system\Database\MySQLi\Connection.php:292
Stack trace:
#0 C:\wamp64\www\apiChurrascaria\system\Database\MySQLi\Connection.php(292): mysqli->query('INSERT INTO `pr...', 0)
#1 C:\wamp64\www\apiChurrascaria\system\Database\BaseConnection.php(693): CodeIgniter\Database\MySQLi\Connection->execute('INSERT INTO `pr...')
#2 C:\wamp64\www\apiChurrascaria\system\Database\BaseConnection.php(620): CodeIgniter\Database\BaseConnection->simpleQuery('INSERT INTO `pr...')
#3 C:\wamp64\www\apiChurrascaria\system\Database\BaseBuilder.php(1916): CodeIgniter\Database\BaseConnection->query('INSERT INTO `pr...', Array, false)
#4 C:\wamp64\www\apiChurrascaria\app\Database\Seeds\Pratos.php(27): CodeIgniter\Database\BaseBuilder->insert(Array)
#5 C:\wamp64\www\apiChurrascaria\system\Database\Seeder.php(145): App\Database\Seeds\Pratos->run()
#6 C:\wamp64\www\apiChurrascaria\system\Commands\Database\Seed.php(77): CodeIgniter\Database\Seeder->call('App\\Database\\Se...')
#7 C:\wamp64\www\apiChurrascaria\system\CLI\Commands.php(63): CodeIgniter\Commands\Database\Seed->run(Array)
#8 C:\wamp64\www\apiChurrascaria\system\CLI\CommandRunner.php(65): CodeIgniter\CLI\Commands->run('db:seed', Array)
#9 C:\wamp64\www\apiChurrascaria\system\CLI\CommandRunner.php(51): CodeIgniter\CLI\CommandRunner->index(Array)
#10 C:\wamp64\www\apiChurrascaria\system\CodeIgniter.php(891): CodeIgniter\CLI\CommandRunner->_remap('index', Array)
#11 C:\wamp64\www\apiChurrascaria\system\CodeIgniter.php(457): CodeIgniter\CodeIgniter->runController(Object(CodeIgniter\CLI\CommandRunner))
#12 C:\wamp64\www\apiChurrascaria\system\CodeIgniter.php(336): CodeIgniter\CodeIgniter->handleRequest(NULL, Object(Config\Cache), false)
#13 C:\wamp64\www\apiChurrascaria\system\CLI\Console.php(48): CodeIgniter\CodeIgniter->run()
#14 C:\wamp64\www\apiChurrascaria\spark(98): CodeIgniter\CLI\Console->run()
#15 {main}
ERROR - 2022-08-17 12:53:11 --> mysqli_sql_exception: Unknown column 'nomePratos' in 'field list' in C:\wamp64\www\apiChurrascaria\system\Database\MySQLi\Connection.php:292
Stack trace:
#0 C:\wamp64\www\apiChurrascaria\system\Database\MySQLi\Connection.php(292): mysqli->query('INSERT INTO `pr...', 0)
#1 C:\wamp64\www\apiChurrascaria\system\Database\BaseConnection.php(693): CodeIgniter\Database\MySQLi\Connection->execute('INSERT INTO `pr...')
#2 C:\wamp64\www\apiChurrascaria\system\Database\BaseConnection.php(620): CodeIgniter\Database\BaseConnection->simpleQuery('INSERT INTO `pr...')
#3 C:\wamp64\www\apiChurrascaria\system\Database\BaseBuilder.php(1916): CodeIgniter\Database\BaseConnection->query('INSERT INTO `pr...', Array, false)
#4 C:\wamp64\www\apiChurrascaria\app\Database\Seeds\Pratos.php(27): CodeIgniter\Database\BaseBuilder->insert(Array)
#5 C:\wamp64\www\apiChurrascaria\system\Database\Seeder.php(145): App\Database\Seeds\Pratos->run()
#6 C:\wamp64\www\apiChurrascaria\system\Commands\Database\Seed.php(77): CodeIgniter\Database\Seeder->call('App\\Database\\Se...')
#7 C:\wamp64\www\apiChurrascaria\system\CLI\Commands.php(63): CodeIgniter\Commands\Database\Seed->run(Array)
#8 C:\wamp64\www\apiChurrascaria\system\CLI\CommandRunner.php(65): CodeIgniter\CLI\Commands->run('db:seed', Array)
#9 C:\wamp64\www\apiChurrascaria\system\CLI\CommandRunner.php(51): CodeIgniter\CLI\CommandRunner->index(Array)
#10 C:\wamp64\www\apiChurrascaria\system\CodeIgniter.php(891): CodeIgniter\CLI\CommandRunner->_remap('index', Array)
#11 C:\wamp64\www\apiChurrascaria\system\CodeIgniter.php(457): CodeIgniter\CodeIgniter->runController(Object(CodeIgniter\CLI\CommandRunner))
#12 C:\wamp64\www\apiChurrascaria\system\CodeIgniter.php(336): CodeIgniter\CodeIgniter->handleRequest(NULL, Object(Config\Cache), false)
#13 C:\wamp64\www\apiChurrascaria\system\CLI\Console.php(48): CodeIgniter\CodeIgniter->run()
#14 C:\wamp64\www\apiChurrascaria\spark(98): CodeIgniter\CLI\Console->run()
#15 {main}
ERROR - 2022-08-17 12:53:11 --> mysqli_sql_exception: Unknown column 'nomePratos' in 'field list' in C:\wamp64\www\apiChurrascaria\system\Database\MySQLi\Connection.php:292
Stack trace:
#0 C:\wamp64\www\apiChurrascaria\system\Database\MySQLi\Connection.php(292): mysqli->query('INSERT INTO `pr...', 0)
#1 C:\wamp64\www\apiChurrascaria\system\Database\BaseConnection.php(693): CodeIgniter\Database\MySQLi\Connection->execute('INSERT INTO `pr...')
#2 C:\wamp64\www\apiChurrascaria\system\Database\BaseConnection.php(620): CodeIgniter\Database\BaseConnection->simpleQuery('INSERT INTO `pr...')
#3 C:\wamp64\www\apiChurrascaria\system\Database\BaseBuilder.php(1916): CodeIgniter\Database\BaseConnection->query('INSERT INTO `pr...', Array, false)
#4 C:\wamp64\www\apiChurrascaria\app\Database\Seeds\Pratos.php(27): CodeIgniter\Database\BaseBuilder->insert(Array)
#5 C:\wamp64\www\apiChurrascaria\system\Database\Seeder.php(145): App\Database\Seeds\Pratos->run()
#6 C:\wamp64\www\apiChurrascaria\system\Commands\Database\Seed.php(77): CodeIgniter\Database\Seeder->call('App\\Database\\Se...')
#7 C:\wamp64\www\apiChurrascaria\system\CLI\Commands.php(63): CodeIgniter\Commands\Database\Seed->run(Array)
#8 C:\wamp64\www\apiChurrascaria\system\CLI\CommandRunner.php(65): CodeIgniter\CLI\Commands->run('db:seed', Array)
#9 C:\wamp64\www\apiChurrascaria\system\CLI\CommandRunner.php(51): CodeIgniter\CLI\CommandRunner->index(Array)
#10 C:\wamp64\www\apiChurrascaria\system\CodeIgniter.php(891): CodeIgniter\CLI\CommandRunner->_remap('index', Array)
#11 C:\wamp64\www\apiChurrascaria\system\CodeIgniter.php(457): CodeIgniter\CodeIgniter->runController(Object(CodeIgniter\CLI\CommandRunner))
#12 C:\wamp64\www\apiChurrascaria\system\CodeIgniter.php(336): CodeIgniter\CodeIgniter->handleRequest(NULL, Object(Config\Cache), false)
#13 C:\wamp64\www\apiChurrascaria\system\CLI\Console.php(48): CodeIgniter\CodeIgniter->run()
#14 C:\wamp64\www\apiChurrascaria\spark(98): CodeIgniter\CLI\Console->run()
#15 {main}
ERROR - 2022-08-17 12:53:11 --> mysqli_sql_exception: Unknown column 'nomePratos' in 'field list' in C:\wamp64\www\apiChurrascaria\system\Database\MySQLi\Connection.php:292
Stack trace:
#0 C:\wamp64\www\apiChurrascaria\system\Database\MySQLi\Connection.php(292): mysqli->query('INSERT INTO `pr...', 0)
#1 C:\wamp64\www\apiChurrascaria\system\Database\BaseConnection.php(693): CodeIgniter\Database\MySQLi\Connection->execute('INSERT INTO `pr...')
#2 C:\wamp64\www\apiChurrascaria\system\Database\BaseConnection.php(620): CodeIgniter\Database\BaseConnection->simpleQuery('INSERT INTO `pr...')
#3 C:\wamp64\www\apiChurrascaria\system\Database\BaseBuilder.php(1916): CodeIgniter\Database\BaseConnection->query('INSERT INTO `pr...', Array, false)
#4 C:\wamp64\www\apiChurrascaria\app\Database\Seeds\Pratos.php(27): CodeIgniter\Database\BaseBuilder->insert(Array)
#5 C:\wamp64\www\apiChurrascaria\system\Database\Seeder.php(145): App\Database\Seeds\Pratos->run()
#6 C:\wamp64\www\apiChurrascaria\system\Commands\Database\Seed.php(77): CodeIgniter\Database\Seeder->call('App\\Database\\Se...')
#7 C:\wamp64\www\apiChurrascaria\system\CLI\Commands.php(63): CodeIgniter\Commands\Database\Seed->run(Array)
#8 C:\wamp64\www\apiChurrascaria\system\CLI\CommandRunner.php(65): CodeIgniter\CLI\Commands->run('db:seed', Array)
#9 C:\wamp64\www\apiChurrascaria\system\CLI\CommandRunner.php(51): CodeIgniter\CLI\CommandRunner->index(Array)
#10 C:\wamp64\www\apiChurrascaria\system\CodeIgniter.php(891): CodeIgniter\CLI\CommandRunner->_remap('index', Array)
#11 C:\wamp64\www\apiChurrascaria\system\CodeIgniter.php(457): CodeIgniter\CodeIgniter->runController(Object(CodeIgniter\CLI\CommandRunner))
#12 C:\wamp64\www\apiChurrascaria\system\CodeIgniter.php(336): CodeIgniter\CodeIgniter->handleRequest(NULL, Object(Config\Cache), false)
#13 C:\wamp64\www\apiChurrascaria\system\CLI\Console.php(48): CodeIgniter\CodeIgniter->run()
#14 C:\wamp64\www\apiChurrascaria\spark(98): CodeIgniter\CLI\Console->run()
#15 {main}
ERROR - 2022-08-17 12:53:11 --> mysqli_sql_exception: Unknown column 'nomePratos' in 'field list' in C:\wamp64\www\apiChurrascaria\system\Database\MySQLi\Connection.php:292
Stack trace:
#0 C:\wamp64\www\apiChurrascaria\system\Database\MySQLi\Connection.php(292): mysqli->query('INSERT INTO `pr...', 0)
#1 C:\wamp64\www\apiChurrascaria\system\Database\BaseConnection.php(693): CodeIgniter\Database\MySQLi\Connection->execute('INSERT INTO `pr...')
#2 C:\wamp64\www\apiChurrascaria\system\Database\BaseConnection.php(620): CodeIgniter\Database\BaseConnection->simpleQuery('INSERT INTO `pr...')
#3 C:\wamp64\www\apiChurrascaria\system\Database\BaseBuilder.php(1916): CodeIgniter\Database\BaseConnection->query('INSERT INTO `pr...', Array, false)
#4 C:\wamp64\www\apiChurrascaria\app\Database\Seeds\Pratos.php(27): CodeIgniter\Database\BaseBuilder->insert(Array)
#5 C:\wamp64\www\apiChurrascaria\system\Database\Seeder.php(145): App\Database\Seeds\Pratos->run()
#6 C:\wamp64\www\apiChurrascaria\system\Commands\Database\Seed.php(77): CodeIgniter\Database\Seeder->call('App\\Database\\Se...')
#7 C:\wamp64\www\apiChurrascaria\system\CLI\Commands.php(63): CodeIgniter\Commands\Database\Seed->run(Array)
#8 C:\wamp64\www\apiChurrascaria\system\CLI\CommandRunner.php(65): CodeIgniter\CLI\Commands->run('db:seed', Array)
#9 C:\wamp64\www\apiChurrascaria\system\CLI\CommandRunner.php(51): CodeIgniter\CLI\CommandRunner->index(Array)
#10 C:\wamp64\www\apiChurrascaria\system\CodeIgniter.php(891): CodeIgniter\CLI\CommandRunner->_remap('index', Array)
#11 C:\wamp64\www\apiChurrascaria\system\CodeIgniter.php(457): CodeIgniter\CodeIgniter->runController(Object(CodeIgniter\CLI\CommandRunner))
#12 C:\wamp64\www\apiChurrascaria\system\CodeIgniter.php(336): CodeIgniter\CodeIgniter->handleRequest(NULL, Object(Config\Cache), false)
#13 C:\wamp64\www\apiChurrascaria\system\CLI\Console.php(48): CodeIgniter\CodeIgniter->run()
#14 C:\wamp64\www\apiChurrascaria\spark(98): CodeIgniter\CLI\Console->run()
#15 {main}
ERROR - 2022-08-17 12:56:35 --> mysqli_sql_exception: Column 'nomePrato' cannot be null in C:\wamp64\www\apiChurrascaria\system\Database\MySQLi\Connection.php:292
Stack trace:
#0 C:\wamp64\www\apiChurrascaria\system\Database\MySQLi\Connection.php(292): mysqli->query('INSERT INTO `pr...', 0)
#1 C:\wamp64\www\apiChurrascaria\system\Database\BaseConnection.php(693): CodeIgniter\Database\MySQLi\Connection->execute('INSERT INTO `pr...')
#2 C:\wamp64\www\apiChurrascaria\system\Database\BaseConnection.php(620): CodeIgniter\Database\BaseConnection->simpleQuery('INSERT INTO `pr...')
#3 C:\wamp64\www\apiChurrascaria\system\Database\BaseBuilder.php(1916): CodeIgniter\Database\BaseConnection->query('INSERT INTO `pr...', Array, false)
#4 C:\wamp64\www\apiChurrascaria\app\Database\Seeds\Pratos.php(27): CodeIgniter\Database\BaseBuilder->insert(Array)
#5 C:\wamp64\www\apiChurrascaria\system\Database\Seeder.php(145): App\Database\Seeds\Pratos->run()
#6 C:\wamp64\www\apiChurrascaria\system\Commands\Database\Seed.php(77): CodeIgniter\Database\Seeder->call('App\\Database\\Se...')
#7 C:\wamp64\www\apiChurrascaria\system\CLI\Commands.php(63): CodeIgniter\Commands\Database\Seed->run(Array)
#8 C:\wamp64\www\apiChurrascaria\system\CLI\CommandRunner.php(65): CodeIgniter\CLI\Commands->run('db:seed', Array)
#9 C:\wamp64\www\apiChurrascaria\system\CLI\CommandRunner.php(51): CodeIgniter\CLI\CommandRunner->index(Array)
#10 C:\wamp64\www\apiChurrascaria\system\CodeIgniter.php(891): CodeIgniter\CLI\CommandRunner->_remap('index', Array)
#11 C:\wamp64\www\apiChurrascaria\system\CodeIgniter.php(457): CodeIgniter\CodeIgniter->runController(Object(CodeIgniter\CLI\CommandRunner))
#12 C:\wamp64\www\apiChurrascaria\system\CodeIgniter.php(336): CodeIgniter\CodeIgniter->handleRequest(NULL, Object(Config\Cache), false)
#13 C:\wamp64\www\apiChurrascaria\system\CLI\Console.php(48): CodeIgniter\CodeIgniter->run()
#14 C:\wamp64\www\apiChurrascaria\spark(98): CodeIgniter\CLI\Console->run()
#15 {main}
ERROR - 2022-08-17 12:56:35 --> mysqli_sql_exception: Column 'nomePrato' cannot be null in C:\wamp64\www\apiChurrascaria\system\Database\MySQLi\Connection.php:292
Stack trace:
#0 C:\wamp64\www\apiChurrascaria\system\Database\MySQLi\Connection.php(292): mysqli->query('INSERT INTO `pr...', 0)
#1 C:\wamp64\www\apiChurrascaria\system\Database\BaseConnection.php(693): CodeIgniter\Database\MySQLi\Connection->execute('INSERT INTO `pr...')
#2 C:\wamp64\www\apiChurrascaria\system\Database\BaseConnection.php(620): CodeIgniter\Database\BaseConnection->simpleQuery('INSERT INTO `pr...')
#3 C:\wamp64\www\apiChurrascaria\system\Database\BaseBuilder.php(1916): CodeIgniter\Database\BaseConnection->query('INSERT INTO `pr...', Array, false)
#4 C:\wamp64\www\apiChurrascaria\app\Database\Seeds\Pratos.php(27): CodeIgniter\Database\BaseBuilder->insert(Array)
#5 C:\wamp64\www\apiChurrascaria\system\Database\Seeder.php(145): App\Database\Seeds\Pratos->run()
#6 C:\wamp64\www\apiChurrascaria\system\Commands\Database\Seed.php(77): CodeIgniter\Database\Seeder->call('App\\Database\\Se...')
#7 C:\wamp64\www\apiChurrascaria\system\CLI\Commands.php(63): CodeIgniter\Commands\Database\Seed->run(Array)
#8 C:\wamp64\www\apiChurrascaria\system\CLI\CommandRunner.php(65): CodeIgniter\CLI\Commands->run('db:seed', Array)
#9 C:\wamp64\www\apiChurrascaria\system\CLI\CommandRunner.php(51): CodeIgniter\CLI\CommandRunner->index(Array)
#10 C:\wamp64\www\apiChurrascaria\system\CodeIgniter.php(891): CodeIgniter\CLI\CommandRunner->_remap('index', Array)
#11 C:\wamp64\www\apiChurrascaria\system\CodeIgniter.php(457): CodeIgniter\CodeIgniter->runController(Object(CodeIgniter\CLI\CommandRunner))
#12 C:\wamp64\www\apiChurrascaria\system\CodeIgniter.php(336): CodeIgniter\CodeIgniter->handleRequest(NULL, Object(Config\Cache), false)
#13 C:\wamp64\www\apiChurrascaria\system\CLI\Console.php(48): CodeIgniter\CodeIgniter->run()
#14 C:\wamp64\www\apiChurrascaria\spark(98): CodeIgniter\CLI\Console->run()
#15 {main}
ERROR - 2022-08-17 12:56:35 --> mysqli_sql_exception: Column 'nomePrato' cannot be null in C:\wamp64\www\apiChurrascaria\system\Database\MySQLi\Connection.php:292
Stack trace:
#0 C:\wamp64\www\apiChurrascaria\system\Database\MySQLi\Connection.php(292): mysqli->query('INSERT INTO `pr...', 0)
#1 C:\wamp64\www\apiChurrascaria\system\Database\BaseConnection.php(693): CodeIgniter\Database\MySQLi\Connection->execute('INSERT INTO `pr...')
#2 C:\wamp64\www\apiChurrascaria\system\Database\BaseConnection.php(620): CodeIgniter\Database\BaseConnection->simpleQuery('INSERT INTO `pr...')
#3 C:\wamp64\www\apiChurrascaria\system\Database\BaseBuilder.php(1916): CodeIgniter\Database\BaseConnection->query('INSERT INTO `pr...', Array, false)
#4 C:\wamp64\www\apiChurrascaria\app\Database\Seeds\Pratos.php(27): CodeIgniter\Database\BaseBuilder->insert(Array)
#5 C:\wamp64\www\apiChurrascaria\system\Database\Seeder.php(145): App\Database\Seeds\Pratos->run()
#6 C:\wamp64\www\apiChurrascaria\system\Commands\Database\Seed.php(77): CodeIgniter\Database\Seeder->call('App\\Database\\Se...')
#7 C:\wamp64\www\apiChurrascaria\system\CLI\Commands.php(63): CodeIgniter\Commands\Database\Seed->run(Array)
#8 C:\wamp64\www\apiChurrascaria\system\CLI\CommandRunner.php(65): CodeIgniter\CLI\Commands->run('db:seed', Array)
#9 C:\wamp64\www\apiChurrascaria\system\CLI\CommandRunner.php(51): CodeIgniter\CLI\CommandRunner->index(Array)
#10 C:\wamp64\www\apiChurrascaria\system\CodeIgniter.php(891): CodeIgniter\CLI\CommandRunner->_remap('index', Array)
#11 C:\wamp64\www\apiChurrascaria\system\CodeIgniter.php(457): CodeIgniter\CodeIgniter->runController(Object(CodeIgniter\CLI\CommandRunner))
#12 C:\wamp64\www\apiChurrascaria\system\CodeIgniter.php(336): CodeIgniter\CodeIgniter->handleRequest(NULL, Object(Config\Cache), false)
#13 C:\wamp64\www\apiChurrascaria\system\CLI\Console.php(48): CodeIgniter\CodeIgniter->run()
#14 C:\wamp64\www\apiChurrascaria\spark(98): CodeIgniter\CLI\Console->run()
#15 {main}
ERROR - 2022-08-17 12:57:37 --> mysqli_sql_exception: Table 'churrascaria.produtos' doesn't exist in C:\wamp64\www\apiChurrascaria\system\Database\MySQLi\Connection.php:292
Stack trace:
#0 C:\wamp64\www\apiChurrascaria\system\Database\MySQLi\Connection.php(292): mysqli->query('SELECT *\nFROM `...', 0)
#1 C:\wamp64\www\apiChurrascaria\system\Database\BaseConnection.php(693): CodeIgniter\Database\MySQLi\Connection->execute('SELECT *\nFROM `...')
#2 C:\wamp64\www\apiChurrascaria\system\Database\BaseConnection.php(620): CodeIgniter\Database\BaseConnection->simpleQuery('SELECT *\nFROM `...')
#3 C:\wamp64\www\apiChurrascaria\system\Database\BaseBuilder.php(1585): CodeIgniter\Database\BaseConnection->query('SELECT *\nFROM `...', Array, false)
#4 C:\wamp64\www\apiChurrascaria\system\Model.php(222): CodeIgniter\Database\BaseBuilder->get()
#5 C:\wamp64\www\apiChurrascaria\system\BaseModel.php(584): CodeIgniter\Model->doFindAll(0, 0)
#6 C:\wamp64\www\apiChurrascaria\app\Controllers\ProdutoController.php(15): CodeIgniter\BaseModel->findAll()
#7 C:\wamp64\www\apiChurrascaria\system\CodeIgniter.php(898): App\Controllers\ProdutoController->listarTodos()
#8 C:\wamp64\www\apiChurrascaria\system\CodeIgniter.php(457): CodeIgniter\CodeIgniter->runController(Object(App\Controllers\ProdutoController))
#9 C:\wamp64\www\apiChurrascaria\system\CodeIgniter.php(340): CodeIgniter\CodeIgniter->handleRequest(NULL, Object(Config\Cache), false)
#10 C:\wamp64\www\apiChurrascaria\public\index.php(67): CodeIgniter\CodeIgniter->run()
#11 C:\wamp64\www\apiChurrascaria\system\Commands\Server\rewrite.php(43): require_once('C:\\wamp64\\www\\a...')
#12 {main}
CRITICAL - 2022-08-17 12:57:37 --> Call to a member function getResult() on bool
in SYSTEMPATH\Model.php on line 223.
 1 SYSTEMPATH\BaseModel.php(584): CodeIgniter\Model->doFindAll(0, 0)
 2 APPPATH\Controllers\ProdutoController.php(15): CodeIgniter\BaseModel->findAll()
 3 SYSTEMPATH\CodeIgniter.php(898): App\Controllers\ProdutoController->listarTodos()
 4 SYSTEMPATH\CodeIgniter.php(457): CodeIgniter\CodeIgniter->runController(Object(App\Controllers\ProdutoController))
 5 SYSTEMPATH\CodeIgniter.php(340): CodeIgniter\CodeIgniter->handleRequest(null, Object(Config\Cache), false)
 6 FCPATH\index.php(67): CodeIgniter\CodeIgniter->run()
 7 SYSTEMPATH\Commands\Server\rewrite.php(43): require_once('FCPATH\\index.php')
CRITICAL - 2022-08-17 12:59:11 --> Call to undefined method App\Controllers\ProdutoController::response()
in APPPATH\Controllers\ProdutoController.php on line 15.
 1 SYSTEMPATH\CodeIgniter.php(898): App\Controllers\ProdutoController->listarTodos()
 2 SYSTEMPATH\CodeIgniter.php(457): CodeIgniter\CodeIgniter->runController(Object(App\Controllers\ProdutoController))
 3 SYSTEMPATH\CodeIgniter.php(340): CodeIgniter\CodeIgniter->handleRequest(null, Object(Config\Cache), false)
 4 FCPATH\index.php(67): CodeIgniter\CodeIgniter->run()
 5 SYSTEMPATH\Commands\Server\rewrite.php(43): require_once('FCPATH\\index.php')
ERROR - 2022-08-17 13:05:50 --> mysqli_sql_exception: Column 'nomePrato' cannot be null in C:\wamp64\www\apiChurrascaria\system\Database\MySQLi\Connection.php:292
Stack trace:
#0 C:\wamp64\www\apiChurrascaria\system\Database\MySQLi\Connection.php(292): mysqli->query('INSERT INTO `pr...', 0)
#1 C:\wamp64\www\apiChurrascaria\system\Database\BaseConnection.php(693): CodeIgniter\Database\MySQLi\Connection->execute('INSERT INTO `pr...')
#2 C:\wamp64\www\apiChurrascaria\system\Database\BaseConnection.php(620): CodeIgniter\Database\BaseConnection->simpleQuery('INSERT INTO `pr...')
#3 C:\wamp64\www\apiChurrascaria\system\Database\BaseBuilder.php(1916): CodeIgniter\Database\BaseConnection->query('INSERT INTO `pr...', Array, false)
#4 C:\wamp64\www\apiChurrascaria\app\Database\Seeds\Produtos.php(27): CodeIgniter\Database\BaseBuilder->insert(Array)
#5 C:\wamp64\www\apiChurrascaria\system\Database\Seeder.php(145): App\Database\Seeds\Produtos->run()
#6 C:\wamp64\www\apiChurrascaria\system\Commands\Database\Seed.php(77): CodeIgniter\Database\Seeder->call('App\\Database\\Se...')
#7 C:\wamp64\www\apiChurrascaria\system\CLI\Commands.php(63): CodeIgniter\Commands\Database\Seed->run(Array)
#8 C:\wamp64\www\apiChurrascaria\system\CLI\CommandRunner.php(65): CodeIgniter\CLI\Commands->run('db:seed', Array)
#9 C:\wamp64\www\apiChurrascaria\system\CLI\CommandRunner.php(51): CodeIgniter\CLI\CommandRunner->index(Array)
#10 C:\wamp64\www\apiChurrascaria\system\CodeIgniter.php(891): CodeIgniter\CLI\CommandRunner->_remap('index', Array)
#11 C:\wamp64\www\apiChurrascaria\system\CodeIgniter.php(457): CodeIgniter\CodeIgniter->runController(Object(CodeIgniter\CLI\CommandRunner))
#12 C:\wamp64\www\apiChurrascaria\system\CodeIgniter.php(336): CodeIgniter\CodeIgniter->handleRequest(NULL, Object(Config\Cache), false)
#13 C:\wamp64\www\apiChurrascaria\system\CLI\Console.php(48): CodeIgniter\CodeIgniter->run()
#14 C:\wamp64\www\apiChurrascaria\spark(98): CodeIgniter\CLI\Console->run()
#15 {main}
ERROR - 2022-08-17 13:05:50 --> mysqli_sql_exception: Column 'nomePrato' cannot be null in C:\wamp64\www\apiChurrascaria\system\Database\MySQLi\Connection.php:292
Stack trace:
#0 C:\wamp64\www\apiChurrascaria\system\Database\MySQLi\Connection.php(292): mysqli->query('INSERT INTO `pr...', 0)
#1 C:\wamp64\www\apiChurrascaria\system\Database\BaseConnection.php(693): CodeIgniter\Database\MySQLi\Connection->execute('INSERT INTO `pr...')
#2 C:\wamp64\www\apiChurrascaria\system\Database\BaseConnection.php(620): CodeIgniter\Database\BaseConnection->simpleQuery('INSERT INTO `pr...')
#3 C:\wamp64\www\apiChurrascaria\system\Database\BaseBuilder.php(1916): CodeIgniter\Database\BaseConnection->query('INSERT INTO `pr...', Array, false)
#4 C:\wamp64\www\apiChurrascaria\app\Database\Seeds\Produtos.php(27): CodeIgniter\Database\BaseBuilder->insert(Array)
#5 C:\wamp64\www\apiChurrascaria\system\Database\Seeder.php(145): App\Database\Seeds\Produtos->run()
#6 C:\wamp64\www\apiChurrascaria\system\Commands\Database\Seed.php(77): CodeIgniter\Database\Seeder->call('App\\Database\\Se...')
#7 C:\wamp64\www\apiChurrascaria\system\CLI\Commands.php(63): CodeIgniter\Commands\Database\Seed->run(Array)
#8 C:\wamp64\www\apiChurrascaria\system\CLI\CommandRunner.php(65): CodeIgniter\CLI\Commands->run('db:seed', Array)
#9 C:\wamp64\www\apiChurrascaria\system\CLI\CommandRunner.php(51): CodeIgniter\CLI\CommandRunner->index(Array)
#10 C:\wamp64\www\apiChurrascaria\system\CodeIgniter.php(891): CodeIgniter\CLI\CommandRunner->_remap('index', Array)
#11 C:\wamp64\www\apiChurrascaria\system\CodeIgniter.php(457): CodeIgniter\CodeIgniter->runController(Object(CodeIgniter\CLI\CommandRunner))
#12 C:\wamp64\www\apiChurrascaria\system\CodeIgniter.php(336): CodeIgniter\CodeIgniter->handleRequest(NULL, Object(Config\Cache), false)
#13 C:\wamp64\www\apiChurrascaria\system\CLI\Console.php(48): CodeIgniter\CodeIgniter->run()
#14 C:\wamp64\www\apiChurrascaria\spark(98): CodeIgniter\CLI\Console->run()
#15 {main}
ERROR - 2022-08-17 13:05:50 --> mysqli_sql_exception: Column 'nomePrato' cannot be null in C:\wamp64\www\apiChurrascaria\system\Database\MySQLi\Connection.php:292
Stack trace:
#0 C:\wamp64\www\apiChurrascaria\system\Database\MySQLi\Connection.php(292): mysqli->query('INSERT INTO `pr...', 0)
#1 C:\wamp64\www\apiChurrascaria\system\Database\BaseConnection.php(693): CodeIgniter\Database\MySQLi\Connection->execute('INSERT INTO `pr...')
#2 C:\wamp64\www\apiChurrascaria\system\Database\BaseConnection.php(620): CodeIgniter\Database\BaseConnection->simpleQuery('INSERT INTO `pr...')
#3 C:\wamp64\www\apiChurrascaria\system\Database\BaseBuilder.php(1916): CodeIgniter\Database\BaseConnection->query('INSERT INTO `pr...', Array, false)
#4 C:\wamp64\www\apiChurrascaria\app\Database\Seeds\Produtos.php(27): CodeIgniter\Database\BaseBuilder->insert(Array)
#5 C:\wamp64\www\apiChurrascaria\system\Database\Seeder.php(145): App\Database\Seeds\Produtos->run()
#6 C:\wamp64\www\apiChurrascaria\system\Commands\Database\Seed.php(77): CodeIgniter\Database\Seeder->call('App\\Database\\Se...')
#7 C:\wamp64\www\apiChurrascaria\system\CLI\Commands.php(63): CodeIgniter\Commands\Database\Seed->run(Array)
#8 C:\wamp64\www\apiChurrascaria\system\CLI\CommandRunner.php(65): CodeIgniter\CLI\Commands->run('db:seed', Array)
#9 C:\wamp64\www\apiChurrascaria\system\CLI\CommandRunner.php(51): CodeIgniter\CLI\CommandRunner->index(Array)
#10 C:\wamp64\www\apiChurrascaria\system\CodeIgniter.php(891): CodeIgniter\CLI\CommandRunner->_remap('index', Array)
#11 C:\wamp64\www\apiChurrascaria\system\CodeIgniter.php(457): CodeIgniter\CodeIgniter->runController(Object(CodeIgniter\CLI\CommandRunner))
#12 C:\wamp64\www\apiChurrascaria\system\CodeIgniter.php(336): CodeIgniter\CodeIgniter->handleRequest(NULL, Object(Config\Cache), false)
#13 C:\wamp64\www\apiChurrascaria\system\CLI\Console.php(48): CodeIgniter\CodeIgniter->run()
#14 C:\wamp64\www\apiChurrascaria\spark(98): CodeIgniter\CLI\Console->run()
#15 {main}
ERROR - 2022-08-17 13:07:13 --> mysqli_sql_exception: Table 'churrascaria.produtos' doesn't exist in C:\wamp64\www\apiChurrascaria\system\Database\MySQLi\Connection.php:292
Stack trace:
#0 C:\wamp64\www\apiChurrascaria\system\Database\MySQLi\Connection.php(292): mysqli->query('SELECT *\nFROM `...', 0)
#1 C:\wamp64\www\apiChurrascaria\system\Database\BaseConnection.php(693): CodeIgniter\Database\MySQLi\Connection->execute('SELECT *\nFROM `...')
#2 C:\wamp64\www\apiChurrascaria\system\Database\BaseConnection.php(620): CodeIgniter\Database\BaseConnection->simpleQuery('SELECT *\nFROM `...')
#3 C:\wamp64\www\apiChurrascaria\system\Database\BaseBuilder.php(1585): CodeIgniter\Database\BaseConnection->query('SELECT *\nFROM `...', Array, false)
#4 C:\wamp64\www\apiChurrascaria\system\Model.php(222): CodeIgniter\Database\BaseBuilder->get()
#5 C:\wamp64\www\apiChurrascaria\system\BaseModel.php(584): CodeIgniter\Model->doFindAll(0, 0)
#6 C:\wamp64\www\apiChurrascaria\app\Controllers\ProdutoController.php(15): CodeIgniter\BaseModel->findAll()
#7 C:\wamp64\www\apiChurrascaria\system\CodeIgniter.php(898): App\Controllers\ProdutoController->listarTodos()
#8 C:\wamp64\www\apiChurrascaria\system\CodeIgniter.php(457): CodeIgniter\CodeIgniter->runController(Object(App\Controllers\ProdutoController))
#9 C:\wamp64\www\apiChurrascaria\system\CodeIgniter.php(340): CodeIgniter\CodeIgniter->handleRequest(NULL, Object(Config\Cache), false)
#10 C:\wamp64\www\apiChurrascaria\public\index.php(67): CodeIgniter\CodeIgniter->run()
#11 C:\wamp64\www\apiChurrascaria\system\Commands\Server\rewrite.php(43): require_once('C:\\wamp64\\www\\a...')
#12 {main}
CRITICAL - 2022-08-17 13:07:13 --> Call to a member function getResult() on bool
in SYSTEMPATH\Model.php on line 223.
 1 SYSTEMPATH\BaseModel.php(584): CodeIgniter\Model->doFindAll(0, 0)
 2 APPPATH\Controllers\ProdutoController.php(15): CodeIgniter\BaseModel->findAll()
 3 SYSTEMPATH\CodeIgniter.php(898): App\Controllers\ProdutoController->listarTodos()
 4 SYSTEMPATH\CodeIgniter.php(457): CodeIgniter\CodeIgniter->runController(Object(App\Controllers\ProdutoController))
 5 SYSTEMPATH\CodeIgniter.php(340): CodeIgniter\CodeIgniter->handleRequest(null, Object(Config\Cache), false)
 6 FCPATH\index.php(67): CodeIgniter\CodeIgniter->run()
 7 SYSTEMPATH\Commands\Server\rewrite.php(43): require_once('FCPATH\\index.php')
ERROR - 2022-08-17 13:07:18 --> mysqli_sql_exception: Table 'churrascaria.produtos' doesn't exist in C:\wamp64\www\apiChurrascaria\system\Database\MySQLi\Connection.php:292
Stack trace:
#0 C:\wamp64\www\apiChurrascaria\system\Database\MySQLi\Connection.php(292): mysqli->query('SELECT *\nFROM `...', 0)
#1 C:\wamp64\www\apiChurrascaria\system\Database\BaseConnection.php(693): CodeIgniter\Database\MySQLi\Connection->execute('SELECT *\nFROM `...')
#2 C:\wamp64\www\apiChurrascaria\system\Database\BaseConnection.php(620): CodeIgniter\Database\BaseConnection->simpleQuery('SELECT *\nFROM `...')
#3 C:\wamp64\www\apiChurrascaria\system\Database\BaseBuilder.php(1585): CodeIgniter\Database\BaseConnection->query('SELECT *\nFROM `...', Array, false)
#4 C:\wamp64\www\apiChurrascaria\system\Model.php(222): CodeIgniter\Database\BaseBuilder->get()
#5 C:\wamp64\www\apiChurrascaria\system\BaseModel.php(584): CodeIgniter\Model->doFindAll(0, 0)
#6 C:\wamp64\www\apiChurrascaria\app\Controllers\ProdutoController.php(15): CodeIgniter\BaseModel->findAll()
#7 C:\wamp64\www\apiChurrascaria\system\CodeIgniter.php(898): App\Controllers\ProdutoController->listarTodos()
#8 C:\wamp64\www\apiChurrascaria\system\CodeIgniter.php(457): CodeIgniter\CodeIgniter->runController(Object(App\Controllers\ProdutoController))
#9 C:\wamp64\www\apiChurrascaria\system\CodeIgniter.php(340): CodeIgniter\CodeIgniter->handleRequest(NULL, Object(Config\Cache), false)
#10 C:\wamp64\www\apiChurrascaria\public\index.php(67): CodeIgniter\CodeIgniter->run()
#11 C:\wamp64\www\apiChurrascaria\system\Commands\Server\rewrite.php(43): require_once('C:\\wamp64\\www\\a...')
#12 {main}
CRITICAL - 2022-08-17 13:07:18 --> Call to a member function getResult() on bool
in SYSTEMPATH\Model.php on line 223.
 1 SYSTEMPATH\BaseModel.php(584): CodeIgniter\Model->doFindAll(0, 0)
 2 APPPATH\Controllers\ProdutoController.php(15): CodeIgniter\BaseModel->findAll()
 3 SYSTEMPATH\CodeIgniter.php(898): App\Controllers\ProdutoController->listarTodos()
 4 SYSTEMPATH\CodeIgniter.php(457): CodeIgniter\CodeIgniter->runController(Object(App\Controllers\ProdutoController))
 5 SYSTEMPATH\CodeIgniter.php(340): CodeIgniter\CodeIgniter->handleRequest(null, Object(Config\Cache), false)
 6 FCPATH\index.php(67): CodeIgniter\CodeIgniter->run()
 7 SYSTEMPATH\Commands\Server\rewrite.php(43): require_once('FCPATH\\index.php')
